<?xml version="1.0" encoding="UTF-8"?>
<!-- Generated by org.testng.reporters.JUnitXMLReporter -->
<testsuite hostname="Rashmis-MacBook-Air.local" name="Wrong Credential Login Test" tests="1" failures="1" timestamp="23 May 2019 13:50:27 GMT" time="16.018" errors="0">
  <testcase name="wrongCred" time="16.012" classname="demo.page.project.TC03_SignOn_wrongCred">
    <failure type="java.lang.AssertionError" message="expected [Username = mercury. This is a bug.] but found [userName = abc]">
      <![CDATA[java.lang.AssertionError: expected [Username = mercury. This is a bug.] but found [userName = abc]
	at demo.page.project.TC03_SignOn_wrongCred.wrongCred(TC03_SignOn_wrongCred.java:38)
... Removed 31 stack frames]]>
    </failure>
  </testcase> <!-- wrongCred -->
</testsuite> <!-- Wrong Credential Login Test -->
