<!DOCTYPE html PUBLIC "-//W3C//DTD XHTML 1.1//EN" "http://www.w3.org/TR/xhtml11/DTD/xhtml11.dtd">
<html xmlns="http://www.w3.org/1999/xhtml"><head><title>TestNG Report</title><style type="text/css">table {margin-bottom:10px;border-collapse:collapse;empty-cells:show}th,td {border:1px solid #009;padding:.25em .5em}th {vertical-align:bottom}td {vertical-align:top}table a {font-weight:bold}.stripe td {background-color: #E6EBF9}.num {text-align:right}.passedodd td {background-color: #3F3}.passedeven td {background-color: #0A0}.skippedodd td {background-color: #DDD}.skippedeven td {background-color: #CCC}.failedodd td,.attn {background-color: #F33}.failedeven td,.stripe .attn {background-color: #D00}.stacktrace {white-space:pre;font-family:monospace}.totop {font-size:85%;text-align:center;border-bottom:2px solid #000}</style></head><body><table><tr><th>Test</th><th># Passed</th><th># Skipped</th><th># Failed</th><th>Time (ms)</th><th>Included Groups</th><th>Excluded Groups</th></tr><tr><th colspan="7">Demo App</th></tr><tr><td><a href="#t0">TC01</a></td><td class="num">0</td><td class="num attn">1</td><td class="num">0</td><td class="num">5,856</td><td></td><td></td></tr><tr class="stripe"><td><a href="#t1">TC03</a></td><td class="num">0</td><td class="num">0</td><td class="num attn">1</td><td class="num">6,715</td><td></td><td></td></tr><tr><th>Total</th><th class="num">0</th><th class="num attn">1</th><th class="num attn">1</th><th class="num">12,571</th><th colspan="2"></th></tr></table><table><thead><tr><th>Class</th><th>Method</th><th>Start</th><th>Time (ms)</th></tr></thead><tbody><tr><th colspan="4">Demo App</th></tr></tbody><tbody id="t0"><tr><th colspan="4">TC01 &#8212; failed (configuration methods)</th></tr><tr class="failedeven"><td rowspan="1">demo.page.project.TC01_DemoApp_SwitchTabs_1</td><td><a href="#m0">launchDemoPage</a></td><td rowspan="1">1558708651790</td><td rowspan="1">0</td></tr><tr><th colspan="4">TC01 &#8212; skipped (configuration methods)</th></tr><tr class="skippedeven"><td rowspan="1">demo.page.project.TC01_DemoApp_SwitchTabs_1</td><td><a href="#m1">afterTest_Quit</a></td><td rowspan="1">1558708657640</td><td rowspan="1">0</td></tr><tr><th colspan="4">TC01 &#8212; skipped</th></tr><tr class="skippedeven"><td rowspan="1">demo.page.project.TC01_DemoApp_SwitchTabs_1</td><td><a href="#m2">TabSwitching</a></td><td rowspan="1">1558708657635</td><td rowspan="1">2</td></tr></tbody><tbody id="t1"><tr><th colspan="4">TC03 &#8212; failed (configuration methods)</th></tr><tr class="failedeven"><td rowspan="1">demo.page.project.TC03_SignOn_wrongCred</td><td><a href="#m3">afterTest_Quit</a></td><td rowspan="1">1558708664651</td><td rowspan="1">0</td></tr><tr><th colspan="4">TC03 &#8212; failed</th></tr><tr class="failedeven"><td rowspan="1">demo.page.project.TC03_SignOn_wrongCred</td><td><a href="#m4">wrongCred</a></td><td rowspan="1">1558708664100</td><td rowspan="1">548</td></tr></tbody></table><h2>TC01</h2><h3 id="m0">demo.page.project.TC01_DemoApp_SwitchTabs_1#launchDemoPage</h3><table class="result"><tr><th>Exception</th></tr><tr><td><div class="stacktrace">org.openqa.selenium.WebDriverException: Failed to decode response from marionette
Build info: version: &apos;3.141.59&apos;, revision: &apos;e82be7d358&apos;, time: &apos;2018-11-14T08:25:48&apos;
System info: host: &apos;Rashmis-MacBook-Air.local&apos;, ip: &apos;2a02:8308:c0:8000:b5c0:cf64:8097:251a%en0&apos;, os.name: &apos;Mac OS X&apos;, os.arch: &apos;x86_64&apos;, os.version: &apos;10.10.5&apos;, java.version: &apos;1.8.0_171&apos;
Driver info: org.openqa.selenium.firefox.FirefoxDriver
Capabilities {acceptInsecureCerts: true, browserName: firefox, browserVersion: 57.0, javascriptEnabled: true, moz:accessibilityChecks: false, moz:headless: false, moz:processID: 1881, moz:profile: /var/folders/r1/pd5ctkrd6qn..., moz:webdriverClick: false, pageLoadStrategy: normal, platform: MAC, platformName: MAC, platformVersion: 14.5.0, rotatable: false, timeouts: {implicit: 0, pageLoad: 300000, script: 30000}}
Session ID: 242f0e84-0fb5-9540-91d4-23334fb29b82
	at org.openqa.selenium.remote.http.W3CHttpResponseCodec.createException(W3CHttpResponseCodec.java:187)
	at org.openqa.selenium.remote.http.W3CHttpResponseCodec.decode(W3CHttpResponseCodec.java:122)
	at org.openqa.selenium.remote.http.W3CHttpResponseCodec.decode(W3CHttpResponseCodec.java:49)
	at org.openqa.selenium.remote.HttpCommandExecutor.execute(HttpCommandExecutor.java:158)
	at org.openqa.selenium.remote.service.DriverCommandExecutor.execute(DriverCommandExecutor.java:83)
	at org.openqa.selenium.remote.RemoteWebDriver.execute(RemoteWebDriver.java:552)
	at org.openqa.selenium.remote.RemoteWebDriver.execute(RemoteWebDriver.java:609)
	at org.openqa.selenium.remote.RemoteWebDriver$RemoteWebDriverOptions$RemoteWindow.maximize(RemoteWebDriver.java:837)
	at demo.page.project.TC01_DemoApp_SwitchTabs_1.launchDemoPage(TC01_DemoApp_SwitchTabs_1.java:29)
... Removed 27 stack frames</div></td></tr></table><p class="totop"><a href="#summary">back to summary</a></p><h3 id="m1">demo.page.project.TC01_DemoApp_SwitchTabs_1#afterTest_Quit</h3><table class="result"></table><p class="totop"><a href="#summary">back to summary</a></p><h3 id="m2">demo.page.project.TC01_DemoApp_SwitchTabs_1#TabSwitching</h3><table class="result"></table><p class="totop"><a href="#summary">back to summary</a></p><h2>TC03</h2><h3 id="m3">demo.page.project.TC03_SignOn_wrongCred#afterTest_Quit</h3><table class="result"><tr><th>Exception</th></tr><tr><td><div class="stacktrace">org.openqa.selenium.SessionNotCreatedException: Tried to run command without establishing a connection
Build info: version: &apos;3.141.59&apos;, revision: &apos;e82be7d358&apos;, time: &apos;2018-11-14T08:25:48&apos;
System info: host: &apos;Rashmis-MacBook-Air.local&apos;, ip: &apos;2a02:8308:c0:8000:b5c0:cf64:8097:251a%en0&apos;, os.name: &apos;Mac OS X&apos;, os.arch: &apos;x86_64&apos;, os.version: &apos;10.10.5&apos;, java.version: &apos;1.8.0_171&apos;
Driver info: org.openqa.selenium.firefox.FirefoxDriver
Capabilities {acceptInsecureCerts: true, browserName: firefox, browserVersion: 57.0, javascriptEnabled: true, moz:accessibilityChecks: false, moz:headless: false, moz:processID: 1886, moz:profile: /var/folders/r1/pd5ctkrd6qn..., moz:webdriverClick: false, pageLoadStrategy: normal, platform: MAC, platformName: MAC, platformVersion: 14.5.0, rotatable: false, timeouts: {implicit: 0, pageLoad: 300000, script: 30000}}
Session ID: 0e2680d3-f919-9a4d-bb21-64a7d0b12980
	at org.openqa.selenium.remote.http.W3CHttpResponseCodec.createException(W3CHttpResponseCodec.java:187)
	at org.openqa.selenium.remote.http.W3CHttpResponseCodec.decode(W3CHttpResponseCodec.java:122)
	at org.openqa.selenium.remote.http.W3CHttpResponseCodec.decode(W3CHttpResponseCodec.java:49)
	at org.openqa.selenium.remote.HttpCommandExecutor.execute(HttpCommandExecutor.java:158)
	at org.openqa.selenium.remote.service.DriverCommandExecutor.execute(DriverCommandExecutor.java:83)
	at org.openqa.selenium.remote.RemoteWebDriver.execute(RemoteWebDriver.java:552)
	at org.openqa.selenium.remote.RemoteWebDriver.execute(RemoteWebDriver.java:609)
	at org.openqa.selenium.remote.RemoteWebDriver.quit(RemoteWebDriver.java:452)
	at demo.page.project.TC03_SignOn_wrongCred.afterTest_Quit(TC03_SignOn_wrongCred.java:48)
... Removed 27 stack frames</div></td></tr></table><p class="totop"><a href="#summary">back to summary</a></p><h3 id="m4">demo.page.project.TC03_SignOn_wrongCred#wrongCred</h3><table class="result"><tr><th>Exception</th></tr><tr><td><div class="stacktrace">org.openqa.selenium.WebDriverException: Failed to decode response from marionette
Build info: version: &apos;3.141.59&apos;, revision: &apos;e82be7d358&apos;, time: &apos;2018-11-14T08:25:48&apos;
System info: host: &apos;Rashmis-MacBook-Air.local&apos;, ip: &apos;2a02:8308:c0:8000:b5c0:cf64:8097:251a%en0&apos;, os.name: &apos;Mac OS X&apos;, os.arch: &apos;x86_64&apos;, os.version: &apos;10.10.5&apos;, java.version: &apos;1.8.0_171&apos;
Driver info: org.openqa.selenium.firefox.FirefoxDriver
Capabilities {acceptInsecureCerts: true, browserName: firefox, browserVersion: 57.0, javascriptEnabled: true, moz:accessibilityChecks: false, moz:headless: false, moz:processID: 1886, moz:profile: /var/folders/r1/pd5ctkrd6qn..., moz:webdriverClick: false, pageLoadStrategy: normal, platform: MAC, platformName: MAC, platformVersion: 14.5.0, rotatable: false, timeouts: {implicit: 0, pageLoad: 300000, script: 30000}}
Session ID: 0e2680d3-f919-9a4d-bb21-64a7d0b12980
*** Element info: {Using=name, value=userName}
	at org.openqa.selenium.remote.http.W3CHttpResponseCodec.createException(W3CHttpResponseCodec.java:187)
	at org.openqa.selenium.remote.http.W3CHttpResponseCodec.decode(W3CHttpResponseCodec.java:122)
	at org.openqa.selenium.remote.http.W3CHttpResponseCodec.decode(W3CHttpResponseCodec.java:49)
	at org.openqa.selenium.remote.HttpCommandExecutor.execute(HttpCommandExecutor.java:158)
	at org.openqa.selenium.remote.service.DriverCommandExecutor.execute(DriverCommandExecutor.java:83)
	at org.openqa.selenium.remote.RemoteWebDriver.execute(RemoteWebDriver.java:552)
	at org.openqa.selenium.remote.RemoteWebDriver.findElement(RemoteWebDriver.java:323)
	at org.openqa.selenium.remote.RemoteWebDriver.findElementByName(RemoteWebDriver.java:404)
	at org.openqa.selenium.By$ByName.findElement(By.java:284)
	at org.openqa.selenium.remote.RemoteWebDriver.findElement(RemoteWebDriver.java:315)
	at demo.page.project.TC03_SignOn_wrongCred.wrongCred(TC03_SignOn_wrongCred.java:57)
... Removed 29 stack frames</div></td></tr></table><p class="totop"><a href="#summary">back to summary</a></p></body></html>